|2022-01-15 15:41:07,628|	##INFO##	[시작] 업비트 지갑 정보를 받아오고 있습니다.	 >> File "ExGeneralInfo.py", line 196, in ExGeneralInfo
|2022-01-15 15:41:07,628|	##INFO##	[시작] 티커 정보를 업데이트를 시작 합니다.	 >> File "ExGeneralInfo.py", line 276, in ExGeneralInfo
|2022-01-15 15:41:08,363|	##INFO##	[끝] 티커 정보를 업데이트가 완료 되었습니다.	 >> File "ExGeneralInfo.py", line 327, in ExGeneralInfo
|2022-01-15 15:41:10,648|	##INFO##	[끝] 업비트 지갑 정보를 받아왔습니다.	 >> File "ExGeneralInfo.py", line 199, in ExGeneralInfo
|2022-01-15 15:41:10,648|	##INFO##	[시작] 바이낸스 지갑 정보를 받아오고 있습니다.	 >> File "ExGeneralInfo.py", line 202, in ExGeneralInfo
|2022-01-15 15:41:10,768|	##INFO##	[끝] 바이낸스 지갑 정보를 받아왔습니다.	 >> File "ExGeneralInfo.py", line 225, in ExGeneralInfo
|2022-01-15 15:41:10,769|	##INFO##	[시작] 업비트 지갑 주소를 받아오고 있습니다.	 >> File "ExGeneralInfo.py", line 168, in ExGeneralInfo
|2022-01-15 15:41:10,931|	##INFO##	[끝] 업비트 지갑 주소를 받아왔습니다.	 >> File "ExGeneralInfo.py", line 179, in ExGeneralInfo
|2022-01-15 15:41:10,931|	##INFO##	[시작] 바이낸스 지갑 주소를 받아오고 있습니다.	 >> File "ExGeneralInfo.py", line 154, in ExGeneralInfo
|2022-01-15 15:41:16,514|	##INFO##	[끝] 바이낸스 지갑 주소를 받아왔습니다.	 >> File "ExGeneralInfo.py", line 165, in ExGeneralInfo
|2022-01-15 15:41:16,514|	##INFO##	[시작] 업비트 거래소 정보를 받아오고 있습니다.	 >> File "ExGeneralInfo.py", line 112, in ExGeneralInfo
|2022-01-15 15:41:16,514|	##INFO##	[끝] 업비트 거래소 정보를 받아왔습니다.	 >> File "ExGeneralInfo.py", line 120, in ExGeneralInfo
|2022-01-15 15:41:16,514|	##INFO##	[시작] 바이낸스 거래소 정보를 받아오고 있습니다.	 >> File "ExGeneralInfo.py", line 145, in ExGeneralInfo
|2022-01-15 15:41:16,650|	##INFO##	[끝] 바이낸스 거래소 정보를 받아왔습니다.	 >> File "ExGeneralInfo.py", line 151, in ExGeneralInfo
|2022-01-15 15:41:16,652|	##INFO##	[시작] 웹소켓 설정을 시작합니다.	 >> File "MyDataManager.py", line 36, in MyDataManager
|2022-01-15 15:41:16,652|	##INFO##		 바이낸스 선물 웹소켓	 >> File "MyDataManager.py", line 37, in MyDataManager
|2022-01-15 15:41:16,652|	##INFO##		 바이낸스 현물 웹소켓	 >> File "MyDataManager.py", line 39, in MyDataManager
|2022-01-15 15:41:16,653|	##INFO##		 업비트 현물 웹소켓	 >> File "MyDataManager.py", line 41, in MyDataManager
|2022-01-15 15:41:16,653|	##INFO##	[끝] 웹소켓 설정이 끝났습니다.	 >> File "MyDataManager.py", line 43, in MyDataManager
|2022-01-15 15:42:38,858|	##INFO##	[시작] 업비트 지갑 정보를 받아오고 있습니다.	 >> File "ExGeneralInfo.py", line 196, in ExGeneralInfo
|2022-01-15 15:42:38,858|	##INFO##	[시작] 티커 정보를 업데이트를 시작 합니다.	 >> File "ExGeneralInfo.py", line 276, in ExGeneralInfo
|2022-01-15 15:42:39,387|	##INFO##	[끝] 티커 정보를 업데이트가 완료 되었습니다.	 >> File "ExGeneralInfo.py", line 327, in ExGeneralInfo
|2022-01-15 15:42:40,812|	##INFO##	[끝] 업비트 지갑 정보를 받아왔습니다.	 >> File "ExGeneralInfo.py", line 199, in ExGeneralInfo
|2022-01-15 15:42:40,812|	##INFO##	[시작] 바이낸스 지갑 정보를 받아오고 있습니다.	 >> File "ExGeneralInfo.py", line 202, in ExGeneralInfo
|2022-01-15 15:42:40,927|	##INFO##	[끝] 바이낸스 지갑 정보를 받아왔습니다.	 >> File "ExGeneralInfo.py", line 225, in ExGeneralInfo
|2022-01-15 15:42:40,928|	##INFO##	[시작] 업비트 지갑 주소를 받아오고 있습니다.	 >> File "ExGeneralInfo.py", line 168, in ExGeneralInfo
|2022-01-15 15:42:41,001|	##INFO##	[끝] 업비트 지갑 주소를 받아왔습니다.	 >> File "ExGeneralInfo.py", line 179, in ExGeneralInfo
|2022-01-15 15:42:41,001|	##INFO##	[시작] 바이낸스 지갑 주소를 받아오고 있습니다.	 >> File "ExGeneralInfo.py", line 154, in ExGeneralInfo
|2022-01-15 15:42:44,113|	##INFO##	[끝] 바이낸스 지갑 주소를 받아왔습니다.	 >> File "ExGeneralInfo.py", line 165, in ExGeneralInfo
|2022-01-15 15:42:44,113|	##INFO##	[시작] 업비트 거래소 정보를 받아오고 있습니다.	 >> File "ExGeneralInfo.py", line 112, in ExGeneralInfo
|2022-01-15 15:42:44,113|	##INFO##	[끝] 업비트 거래소 정보를 받아왔습니다.	 >> File "ExGeneralInfo.py", line 120, in ExGeneralInfo
|2022-01-15 15:42:44,113|	##INFO##	[시작] 바이낸스 거래소 정보를 받아오고 있습니다.	 >> File "ExGeneralInfo.py", line 145, in ExGeneralInfo
|2022-01-15 15:42:44,358|	##INFO##	[끝] 바이낸스 거래소 정보를 받아왔습니다.	 >> File "ExGeneralInfo.py", line 151, in ExGeneralInfo
|2022-01-15 15:42:44,360|	##INFO##	[시작] 웹소켓 설정을 시작합니다.	 >> File "MyDataManager.py", line 36, in MyDataManager
|2022-01-15 15:42:44,360|	##INFO##		 바이낸스 선물 웹소켓	 >> File "MyDataManager.py", line 37, in MyDataManager
|2022-01-15 15:42:44,360|	##INFO##		 바이낸스 현물 웹소켓	 >> File "MyDataManager.py", line 39, in MyDataManager
|2022-01-15 15:42:44,361|	##INFO##		 업비트 현물 웹소켓	 >> File "MyDataManager.py", line 41, in MyDataManager
|2022-01-15 15:42:44,361|	##INFO##	[끝] 웹소켓 설정이 끝났습니다.	 >> File "MyDataManager.py", line 43, in MyDataManager
